\BOOKMARK [0][-]{chapter*.3}{\376\377\004\022\004\062\004\065\004\064\004\065\004\075\004\070\004\065}{}% 1
\BOOKMARK [0][-]{chapter.1}{\376\377\004\033\004\070\004\102\004\065\004\100\004\060\004\102\004\103\004\100\004\075\004\113\004\071\000\040\004\076\004\061\004\067\004\076\004\100}{}% 2
\BOOKMARK [1][-]{section.1.1}{\376\377\004\037\004\100\004\065\004\064\004\101\004\072\004\060\004\067\004\060\004\075\004\070\004\065\000\040\004\103\004\064\004\060\004\100\004\065\004\075\004\070\004\117\000\040\004\062\000\040\004\101\004\073\004\076\004\062\004\065\000\040\004\075\004\060\000\040\004\076\004\101\004\075\004\076\004\062\004\065\000\040\004\100\004\060\004\075\004\066\004\070\004\100\004\076\004\062\004\060\004\075\004\070\004\117}{chapter.1}% 3
\BOOKMARK [1][-]{section.1.2}{\376\377\004\037\004\100\004\065\004\064\004\101\004\072\004\060\004\067\004\060\004\075\004\070\004\065\000\040\004\103\004\064\004\060\004\100\004\065\004\075\004\070\004\117\000\040\004\062\000\040\004\101\004\073\004\076\004\062\004\065\000\040\004\077\004\100\004\070\000\040\004\077\004\076\004\074\004\076\004\111\004\070\000\040\004\072\004\076\004\075\004\065\004\107\004\075\004\076\004\063\004\076\000\040\004\077\004\100\004\065\004\076\004\061\004\100\004\060\004\067\004\076\004\062\004\060\004\102\004\065\004\073\004\117}{chapter.1}% 4
\BOOKMARK [1][-]{section.1.3}{\376\377\004\037\004\100\004\065\004\064\004\101\004\072\004\060\004\067\004\060\004\075\004\070\004\065\000\040\004\103\004\064\004\060\004\100\004\065\004\075\004\070\004\117\000\040\004\062\000\040\004\101\004\073\004\076\004\062\004\065\000\040\004\077\004\100\004\070\000\040\004\077\004\076\004\074\004\076\004\111\004\070\000\040\004\101\004\070\004\074\004\062\004\076\004\073\004\114\004\075\004\076\004\071\000\040\004\075\004\065\004\071\004\100\004\076\004\075\004\075\004\076\004\071\000\040\004\101\004\065\004\102\004\070}{chapter.1}% 5
\BOOKMARK [0][-]{chapter.2}{\376\377\004\055\004\072\004\101\004\077\004\065\004\100\004\070\004\074\004\065\004\075\004\102\004\060\004\073\004\114\004\075\004\060\004\117\000\040\004\107\004\060\004\101\004\102\004\114}{}% 6
\BOOKMARK [1][-]{section.2.1}{\376\377\004\030\004\101\004\077\004\076\004\073\004\114\004\067\004\103\004\065\004\074\004\113\000\040\004\064\004\060\004\075\004\075\004\113\004\065}{chapter.2}% 7
\BOOKMARK [1][-]{section.2.2}{\376\377\004\034\004\065\004\102\004\100\004\070\004\072\004\070}{chapter.2}% 8
\BOOKMARK [1][-]{section.2.3}{\376\377\004\033\004\076\004\072\004\060\004\073\004\114\004\075\004\060\004\117\000\040\004\074\004\076\004\064\004\065\004\073\004\114}{chapter.2}% 9
\BOOKMARK [2][-]{subsection.2.3.1}{\376\377\004\020\004\100\004\105\004\070\004\102\004\065\004\072\004\102\004\103\004\100\004\060\000\040\004\074\004\076\004\064\004\065\004\073\004\070}{section.2.3}% 10
\BOOKMARK [2][-]{subsection.2.3.2}{\376\377\004\037\004\076\004\101\004\070\004\074\004\062\004\076\004\073\004\114\004\075\004\113\004\071\000\040\004\115\004\072\004\101\004\077\004\065\004\100\004\070\004\074\004\065\004\075\004\102}{section.2.3}% 11
\BOOKMARK [2][-]{subsection.2.3.3}{\376\377\004\055\004\072\004\101\004\077\004\065\004\100\004\070\004\074\004\065\004\075\004\102\000\040\004\101\000\040\004\077\004\100\004\065\004\064\004\073\004\076\004\066\004\065\004\075\004\070\004\065\004\074}{section.2.3}% 12
\BOOKMARK [2][-]{subsection.2.3.4}{\376\377\004\041\004\073\004\076\004\063\004\076\004\062\004\060\004\117\000\040\004\074\004\076\004\064\004\065\004\073\004\114}{section.2.3}% 13
\BOOKMARK [1][-]{section.2.4}{\376\377\004\023\004\073\004\076\004\061\004\060\004\073\004\114\004\075\004\060\004\117\000\040\004\074\004\076\004\064\004\065\004\073\004\114}{chapter.2}% 14
\BOOKMARK [2][-]{subsection.2.4.1}{\376\377\004\020\004\100\004\105\004\070\004\102\004\065\004\072\004\102\004\103\004\100\004\060\000\040\004\074\004\076\004\064\004\065\004\073\004\070}{section.2.4}% 15
\BOOKMARK [2][-]{subsection.2.4.2}{\376\377\004\041\004\073\004\076\004\063\004\076\004\062\004\060\004\117\000\040\004\074\004\076\004\064\004\065\004\073\004\114}{section.2.4}% 16
\BOOKMARK [1][-]{section.2.5}{\376\377\000A\000t\000t\000e\000n\000t\000i\000o\000n}{chapter.2}% 17
\BOOKMARK [2][-]{subsection.2.5.1}{\376\377\004\020\004\100\004\105\004\070\004\102\004\065\004\072\004\102\004\103\004\100\004\060\000\040\004\074\004\076\004\064\004\065\004\073\004\070}{section.2.5}% 18
\BOOKMARK [1][-]{section.2.6}{\376\377\000C\000o\000n\000d\000i\000t\000i\000o\000n\000a\000l\000\040\000r\000a\000n\000d\000o\000m\000\040\000f\000i\000e\000l\000d}{chapter.2}% 19
\BOOKMARK [2][-]{subsection.2.6.1}{\376\377\004\020\004\100\004\105\004\070\004\102\004\065\004\072\004\102\004\103\004\100\004\060\000\040\004\074\004\076\004\064\004\065\004\073\004\070}{section.2.6}% 20
\BOOKMARK [1][-]{section.2.7}{\376\377\000A\000c\000t\000i\000v\000e\000\040\000l\000e\000a\000r\000n\000i\000n\000g}{chapter.2}% 21
\BOOKMARK [0][-]{chapter*.17}{\376\377\004\027\004\060\004\072\004\073\004\116\004\107\004\065\004\075\004\070\004\065}{}% 22
\BOOKMARK [1][-]{section*.18}{\376\377\004\030\004\102\004\076\004\063\004\070\000\040\004\100\004\060\004\061\004\076\004\102\004\113}{chapter*.17}% 23
\BOOKMARK [1][-]{section*.18}{\376\377\004\024\004\060\004\073\004\114\004\075\004\065\004\071\004\110\004\070\004\065\000\040\004\070\004\101\004\101\004\073\004\065\004\064\004\076\004\062\004\060\004\075\004\070\004\117}{chapter*.17}% 24
\BOOKMARK [0][-]{section*.18}{\376\377\004\041\004\077\004\070\004\101\004\076\004\072\000\040\004\070\004\101\004\077\004\076\004\073\004\114\004\067\004\076\004\062\004\060\004\075\004\075\004\113\004\105\000\040\004\070\004\101\004\102\004\076\004\107\004\075\004\070\004\072\004\076\004\062}{}% 25
